
********************************************************************************
Product   : Virtuoso(R) STREAM In
Program   : @(#)$CDS: pipo.exe version 5.1.0 11/22/2011 01:41 (cicln04) $
SubVersion: sub-version 5.10.41.500.6.151
Started at: 20-Mar-2019  13:53:27
User Name : mg64
Host Name : cparch07.ecn.purdue.edu
Directory : /home/ecegrid/a/mg64/ece337/Lab10
CADENCE Design Systems, Inc.
********************************************************************************

Stream file   : /home/ecegrid/a/mg64/ece337/Lab10/final.gds2

Reading Stream File ...
VERSION      : 3
MODIFICATION : Wed Mar 20 13:44:18 2019
ACCESS       : Wed Mar 20 13:44:18 2019
WARNING (158): Years in non-standard four-digit format encountered in the Stream file.
GDS LIBRARY  : DesignLib
U-UNIT/DBU   : 0.001000000000
METRIC/DBU   : 0.000000001000

TARGET LIBRARY PATH: /home/ecegrid/a/mg64/ece337/Lab10/My_Layout

     1. scanning cellview (layout_lab_design layout)
     2. scanning cellview (M3_M2 layout)
     3. scanning cellview (M2_M1 layout)
     4. scanning cellview (layout_lab_design_VIA0 layout)
     5. scanning cellview (layout_lab_design_VIA1 layout)
     6. scanning cellview (layout_lab_design_VIA2 layout)
     7. scanning cellview (layout_lab_design_VIA3 layout)
     8. scanning cellview (layout_lab_design_VIA4 layout)
     9. scanning cellview (PADVDD layout)
    10. scanning cellview (PADNC layout)
    11. scanning cellview (PADOUT layout)
    12. scanning cellview (PADINC layout)
    13. scanning cellview (PADGND layout)
    14. scanning cellview (PADFC layout)
    15. scanning cellview (DFFSR layout)
    16. scanning cellview (XNOR2X1 layout)
    17. scanning cellview (MUX2X1 layout)
    18. scanning cellview (XOR2X1 layout)
    19. scanning cellview (OR2X1 layout)
    20. scanning cellview (OAI22X1 layout)
    21. scanning cellview (OAI21X1 layout)
    22. scanning cellview (NOR2X1 layout)
    23. scanning cellview (NAND3X1 layout)
    24. scanning cellview (NAND2X1 layout)
    25. scanning cellview (INVX2 layout)
    26. scanning cellview (INVX1 layout)
    27. scanning cellview (DFFPOSX1 layout)
    28. scanning cellview (BUFX2 layout)
    29. scanning cellview (AOI22X1 layout)
    30. scanning cellview (AOI21X1 layout)
    31. scanning cellview (AND2X1 layout)
    32. scanning cellview (FILL layout)

PASS 2...
WARNING (468): Existing cells in the target library might be overwritten if the Stream file contains a cell with the same name as a cell in the target library. You can use the Do Not Overwrite Existing Cells option to avoid this problem.
WARNING (69): Failed to open the technology file `techfile.cds' from the library `NCSU_TechLib_ami06' in the append mode. Undefined layer-purpose pairs will not be translated.
     1. translating cellview (layout_lab_design_VIA4 layout)
     2. translating cellview (layout_lab_design_VIA3 layout)
     3. translating cellview (layout_lab_design_VIA2 layout)
     4. translating cellview (layout_lab_design_VIA1 layout)
     5. translating cellview (layout_lab_design_VIA0 layout)
     6. translating cellview (M2_M1 layout)
     7. translating cellview (M3_M2 layout)
     8. translating cellview (FILL layout)
     9. translating cellview (PADFC layout)
    10. translating cellview (PADGND layout)
    11. translating cellview (PADVDD layout)
    12. translating cellview (PADNC layout)
    13. translating cellview (PADINC layout)
    14. translating cellview (PADOUT layout)
    15. translating cellview (AND2X1 layout)
    16. translating cellview (OAI22X1 layout)
    17. translating cellview (XOR2X1 layout)
    18. translating cellview (NAND3X1 layout)
    19. translating cellview (INVX2 layout)
    20. translating cellview (OR2X1 layout)
    21. translating cellview (DFFPOSX1 layout)
    22. translating cellview (AOI21X1 layout)
    23. translating cellview (AOI22X1 layout)
    24. translating cellview (OAI21X1 layout)
    25. translating cellview (XNOR2X1 layout)
    26. translating cellview (NAND2X1 layout)
    27. translating cellview (INVX1 layout)
    28. translating cellview (MUX2X1 layout)
    29. translating cellview (NOR2X1 layout)
    30. translating cellview (DFFSR layout)
    31. translating cellview (BUFX2 layout)
    32. translating cellview (layout_lab_design layout)

			Individual Cell Statistics

CellView          Rectangles Polygons   Paths Ellipses Labels Instances Arrays  Dots
************************************************************************************
layout_lab_design/la     101        0    7141       0      18    8903       0      0
BUFX2/layout -- (empty cell view, not deleted).
DFFSR/layout -- (empty cell view, not deleted).
NOR2X1/layout -- (empty cell view, not deleted).
MUX2X1/layout -- (empty cell view, not deleted).
INVX1/layout -- (empty cell view, not deleted).
NAND2X1/layout -- (empty cell view, not deleted).
XNOR2X1/layout -- (empty cell view, not deleted).
OAI21X1/layout -- (empty cell view, not deleted).
AOI22X1/layout -- (empty cell view, not deleted).
AOI21X1/layout -- (empty cell view, not deleted).
DFFPOSX1/layout -- (empty cell view, not deleted).
OR2X1/layout -- (empty cell view, not deleted).
INVX2/layout -- (empty cell view, not deleted).
NAND3X1/layout -- (empty cell view, not deleted).
XOR2X1/layout -- (empty cell view, not deleted).
OAI22X1/layout -- (empty cell view, not deleted).
AND2X1/layout -- (empty cell view, not deleted).
PADOUT/layout -- (empty cell view, not deleted).
PADINC/layout -- (empty cell view, not deleted).
PADNC/layout -- (empty cell view, not deleted).
PADVDD/layout -- (empty cell view, not deleted).
PADGND/layout -- (empty cell view, not deleted).
PADFC/layout -- (empty cell view, not deleted).
FILL/layout -- (empty cell view, not deleted).
M3_M2/layout               3        0       0       0       0       0       0      0
M2_M1/layout               3        0       0       0       0       0       0      0
layout_lab_design_VI      38        0       0       0       0       0       0      0
layout_lab_design_VI       8        0       0       0       0       0       0      0
layout_lab_design_VI     116        0       0       0       0       0       0      0
layout_lab_design_VI      78        0       0       0       0       0       0      0
layout_lab_design_VI     116        0       0       0       0       0       0      0


                    Statistics Of Layers


Cadence    Cadence    Stream   Stream
 Layer     Purpose    Layer   Datatype Rectangles Polygons Paths   Ellipses   Labels   Dots
--------------------------------------------------------------------------------------------
metal3     drawing    62        0         1        0        2083     0        16       0       
metal1     drawing    49        0         101      0        1308     0        0        0       
metal2     drawing    51        0         13       0        3750     0        2        0       
via2       drawing    61        0         1        0        0        0        0        0       
via        drawing    50        0         347      0        0        0        0        0       


   Summary Of Objects

------------------------
     463 Rectangles
       0 Polygons
    7141 Paths
       0 Ellipses
      18 Labels
    8903 Instances
       0 Arrays
      32 Cells
       0 Dots


00:00:07 Elapsed time
00:00:00 CPU time

    3438 Kbytes of memory

*** There were 0 error and 3 warning messages ***

The setup file's contents :

streamInKeys = list(nil
	'runDir			"."
	'inFile			"final.gds2"
	'primaryCell		"layout_lab_design"
	'libName		"My_Layout"
	'techfileName		""
	'scale			0.001000
	'units			"micron"
	'errFile		"PIPO.LOG"
	'refLib			nil
	'hierDepth		32
	'maxVertices		1024
	'checkPolygon		nil
	'snapToGrid		nil
	'arrayToSimMosaic	t
	'caseSensitivity	"preserve"
	'textCaseSensitivity	"preserve"
	'zeroPathToLine		"lines"
	'convertNode		"ignore"
	'keepPcell	nil
	'replaceBusBitChar	nil
	'skipUndefinedLPP	nil
	'ignoreBox		nil
	'mergeUndefPurposToDrawing		nil
	'reportPrecision	nil
	'keepStreamCells		nil
	'attachTechfileOfLib		""
	'runQuiet		nil
	'noWriteExistCell		nil
	'NOUnmappingLayerWarning		nil
	'comprehensiveLog		nil
	'ignorePcellEvalFail		nil
	'appendDB		nil
	'genListHier		nil
	'skipDbLocking		nil
	'skipPcdbGen		nil
	'cellMapTable		""
	'layerTable		"gds2_icfb.map"
	'textFontTable		""
	'restorePin		0
	'propMapTable		""
	'propSeparator		","
	'userSkillFile		""
	'rodDir			""
	'refLibOrder			""
)
